[debug] [2019-03-15T14:11:11.537Z] ----------------------------------------------------------------------
[debug] [2019-03-15T14:11:11.540Z] Command:       E:\devel\nodejs\node.exe C:\Users\joelb\AppData\Roaming\npm\node_modules\firebase-tools\lib\bin\firebase.js serve
[debug] [2019-03-15T14:11:11.540Z] CLI Version:   6.4.0
[debug] [2019-03-15T14:11:11.540Z] Platform:      win32
[debug] [2019-03-15T14:11:11.540Z] Node Version:  v8.12.0
[debug] [2019-03-15T14:11:11.541Z] Time:          Fri Mar 15 2019 16:11:11 GMT+0200 (FLE Standard Time)
[debug] [2019-03-15T14:11:11.541Z] ----------------------------------------------------------------------
[debug] 
[debug] [2019-03-15T14:11:11.553Z] > command requires scopes: ["email","openid","https://www.googleapis.com/auth/cloudplatformprojects.readonly","https://www.googleapis.com/auth/firebase","https://www.googleapis.com/auth/cloud-platform"]
[debug] [2019-03-15T14:11:11.554Z] > authorizing via signed-in user
[debug] [2019-03-15T14:11:11.554Z] [iam] checking project webstore-be908 for permissions ["firebase.projects.get"]
[debug] [2019-03-15T14:11:11.555Z] > refreshing access token with scopes: ["email","https://www.googleapis.com/auth/cloud-platform","https://www.googleapis.com/auth/cloudplatformprojects.readonly","https://www.googleapis.com/auth/firebase","openid"]
[debug] [2019-03-15T14:11:11.556Z] >>> HTTP REQUEST POST https://www.googleapis.com/oauth2/v3/token  
 <request body omitted>
[debug] [2019-03-15T14:11:11.703Z] <<< HTTP RESPONSE 200
[debug] [2019-03-15T14:11:11.708Z] >>> HTTP REQUEST POST https://cloudresourcemanager.googleapis.com/v1/projects/webstore-be908:testIamPermissions  

[debug] [2019-03-15T14:11:12.624Z] <<< HTTP RESPONSE 200
[debug] [2019-03-15T14:11:12.625Z] >>> HTTP REQUEST GET https://cloudresourcemanager.googleapis.com/v1/projects/webstore-be908  
 
[debug] [2019-03-15T14:11:13.525Z] <<< HTTP RESPONSE 200
[info] 
[info] === Serving from 'E:\devel\projects\webstore\webstore'...
[info] 
[debug] [2019-03-15T14:11:13.527Z] >>> HTTP REQUEST GET https://mobilesdk-pa.googleapis.com/v1/projects/308509845323/clients/_:getWebAppConfig  
 
[debug] [2019-03-15T14:11:14.040Z] <<< HTTP RESPONSE 200
[info] i  hosting: Serving hosting files from: dist/webstore
[info] +  hosting: Local server: http://localhost:5000
[debug] [2019-03-15T14:13:39.843Z] ----------------------------------------------------------------------
[debug] [2019-03-15T14:13:39.847Z] Command:       E:\devel\nodejs\node.exe C:\Users\joelb\AppData\Roaming\npm\node_modules\firebase-tools\lib\bin\firebase.js serve
[debug] [2019-03-15T14:13:39.847Z] CLI Version:   6.4.0
[debug] [2019-03-15T14:13:39.847Z] Platform:      win32
[debug] [2019-03-15T14:13:39.847Z] Node Version:  v8.12.0
[debug] [2019-03-15T14:13:39.848Z] Time:          Fri Mar 15 2019 16:13:39 GMT+0200 (FLE Standard Time)
[debug] [2019-03-15T14:13:39.848Z] ----------------------------------------------------------------------
[debug] 
[debug] [2019-03-15T14:13:39.855Z] > command requires scopes: ["email","openid","https://www.googleapis.com/auth/cloudplatformprojects.readonly","https://www.googleapis.com/auth/firebase","https://www.googleapis.com/auth/cloud-platform"]
[debug] [2019-03-15T14:13:39.856Z] > authorizing via signed-in user
[debug] [2019-03-15T14:13:39.856Z] [iam] checking project webstore-be908 for permissions ["firebase.projects.get"]
[debug] [2019-03-15T14:13:39.857Z] >>> HTTP REQUEST POST https://cloudresourcemanager.googleapis.com/v1/projects/webstore-be908:testIamPermissions  

[debug] [2019-03-15T14:13:40.814Z] <<< HTTP RESPONSE 200
[debug] [2019-03-15T14:13:40.816Z] >>> HTTP REQUEST GET https://cloudresourcemanager.googleapis.com/v1/projects/webstore-be908  
 
[debug] [2019-03-15T14:13:41.718Z] <<< HTTP RESPONSE 200
[info] 
[info] === Serving from 'E:\devel\projects\webstore\webstore'...
[info] 
[debug] [2019-03-15T14:13:41.720Z] >>> HTTP REQUEST GET https://mobilesdk-pa.googleapis.com/v1/projects/308509845323/clients/_:getWebAppConfig  
 
[debug] [2019-03-15T14:13:42.122Z] <<< HTTP RESPONSE 200
[info] i  hosting: Serving hosting files from: dist/webstore
[info] +  hosting: Local server: http://localhost:5000
